[2023-03-24 12:27:50] [info] Start Program:
Path:"C:\Users\Liviu\Documents\p\uni\sem2\oop\lab3-4\x64\Debug\lab3-4.exe"
Arguments:
Working directory: "C:\Users\Liviu\Documents\p\uni\sem2\oop\lab3-4\lab3-4\"
Modules: Selected: C:\Users\Liviu\Documents\p\uni\sem2\oop\lab3-4\x64\Debug\lab3-4.exe Excluded: 
Sources: Selected: C:\Users\Liviu\Documents\p\uni\sem2\oop\lab3-4\lab3-4 Excluded: 
Log Level: Normal
Cover Children: 0
Aggregate by file: 1
Continue after C++ exception: 0
Optimized build support: 0
Export: Binary C:\Users\Liviu\AppData\Local\Temp\e1wouw1n.ara 
Input coverage: 
Unified diff: 
Excluded line regular expressions: 
Substitute pdb source paths: 

[2023-03-24 12:27:50] [info] Module: C:\Users\Liviu\Documents\p\uni\sem2\oop\lab3-4\x64\Debug\lab3-4.exe is selected because it matches selected pattern: C:\Users\Liviu\Documents\p\uni\sem2\oop\lab3-4\x64\Debug\lab3-4.exe
[2023-03-24 12:27:51] [info] ----------------------------------------------------
[2023-03-24 12:27:51] [info] Coverage binary generated in file: C:\Users\Liviu\AppData\Local\Temp\e1wouw1n.ara
[2023-03-24 12:27:51] [info] ----------------------------------------------------
