c:\users\liviu\documents\p\uni\sem2\oop\lab6-7\lab6-7\x64\debug\vc143.pdb
c:\users\liviu\documents\p\uni\sem2\oop\lab6-7\lab6-7\x64\debug\vc143.idb
c:\users\liviu\documents\p\uni\sem2\oop\lab6-7\lab6-7\x64\debug\repo.nativecodeanalysis.sarif
c:\users\liviu\documents\p\uni\sem2\oop\lab6-7\lab6-7\x64\debug\repo.nativecodeanalysis.xml
c:\users\liviu\documents\p\uni\sem2\oop\lab6-7\lab6-7\x64\debug\service.nativecodeanalysis.sarif
c:\users\liviu\documents\p\uni\sem2\oop\lab6-7\lab6-7\x64\debug\service.nativecodeanalysis.xml
c:\users\liviu\documents\p\uni\sem2\oop\lab6-7\lab6-7\x64\debug\tests.nativecodeanalysis.sarif
c:\users\liviu\documents\p\uni\sem2\oop\lab6-7\lab6-7\x64\debug\tests.nativecodeanalysis.xml
c:\users\liviu\documents\p\uni\sem2\oop\lab6-7\lab6-7\x64\debug\tests.obj
c:\users\liviu\documents\p\uni\sem2\oop\lab6-7\lab6-7\x64\debug\service.obj
c:\users\liviu\documents\p\uni\sem2\oop\lab6-7\lab6-7\x64\debug\repo.obj
c:\users\liviu\documents\p\uni\sem2\oop\lab6-7\lab6-7\x64\debug\main.nativecodeanalysis.sarif
c:\users\liviu\documents\p\uni\sem2\oop\lab6-7\lab6-7\x64\debug\main.nativecodeanalysis.xml
c:\users\liviu\documents\p\uni\sem2\oop\lab6-7\lab6-7\x64\debug\main.obj
c:\users\liviu\documents\p\uni\sem2\oop\lab6-7\lab6-7\x64\debug\console.nativecodeanalysis.sarif
c:\users\liviu\documents\p\uni\sem2\oop\lab6-7\lab6-7\x64\debug\console.nativecodeanalysis.xml
c:\users\liviu\documents\p\uni\sem2\oop\lab6-7\lab6-7\x64\debug\console.obj
c:\users\liviu\documents\p\uni\sem2\oop\lab6-7\lab6-7\x64\debug\activity.nativecodeanalysis.sarif
c:\users\liviu\documents\p\uni\sem2\oop\lab6-7\lab6-7\x64\debug\activity.nativecodeanalysis.xml
c:\users\liviu\documents\p\uni\sem2\oop\lab6-7\lab6-7\x64\debug\activity.obj
c:\users\liviu\documents\p\uni\sem2\oop\lab6-7\x64\debug\lab6-7.exe
c:\users\liviu\documents\p\uni\sem2\oop\lab6-7\lab6-7\x64\debug\lab6-7.ilk
c:\users\liviu\documents\p\uni\sem2\oop\lab6-7\x64\debug\lab6-7.pdb
c:\users\liviu\documents\p\uni\sem2\oop\lab6-7\lab6-7\x64\debug\vc.nativecodeanalysis.all.xml
c:\users\liviu\documents\p\uni\sem2\oop\lab6-7\lab6-7\x64\debug\lab6-7.tlog\cl.command.1.tlog
c:\users\liviu\documents\p\uni\sem2\oop\lab6-7\lab6-7\x64\debug\lab6-7.tlog\cl.read.1.tlog
c:\users\liviu\documents\p\uni\sem2\oop\lab6-7\lab6-7\x64\debug\lab6-7.tlog\cl.write.1.tlog
c:\users\liviu\documents\p\uni\sem2\oop\lab6-7\lab6-7\x64\debug\lab6-7.tlog\link.command.1.tlog
c:\users\liviu\documents\p\uni\sem2\oop\lab6-7\lab6-7\x64\debug\lab6-7.tlog\link.read.1.tlog
c:\users\liviu\documents\p\uni\sem2\oop\lab6-7\lab6-7\x64\debug\lab6-7.tlog\link.write.1.tlog
