  console.cpp
  main.cpp
  repo.cpp
  service.cpp
  tests.cpp
  Running Code Analysis for C/C++...
  Generating Code...
  lab6-7.vcxproj -> C:\Users\Liviu\Documents\p\uni\sem2\oop\lab8-9\x64\Debug\lab8-9.exe
C:\Users\Liviu\Documents\p\uni\sem2\oop\lab8-9\lab6-7\activity.h(12): warning C26432: If you define or delete any default operation in the type 'class Activity', define or delete them all (c.21).
C:\Users\Liviu\Documents\p\uni\sem2\oop\lab8-9\lab6-7\console.cpp(126): warning C26432: If you define or delete any default operation in the type 'class Console', define or delete them all (c.21).
C:\Users\Liviu\Documents\p\uni\sem2\oop\lab8-9\lab6-7\console.cpp(7): warning C26823: Dereferencing a possibly null pointer 'x' (lifetime.1).
C:\Users\Liviu\Documents\p\uni\sem2\oop\lab8-9\lab6-7\repo.cpp(9): warning C26493: Don't use C-style casts (type.4).
C:\Users\Liviu\Documents\p\uni\sem2\oop\lab8-9\lab6-7\repo.cpp(18): warning C26446: Prefer to use gsl::at() instead of unchecked subscript operator (bounds.4).
C:\Users\Liviu\Documents\p\uni\sem2\oop\lab8-9\lab6-7\repo.cpp(18): warning C26458: Prefer to use gsl::at() instead of unchecked subscript operator (bounds.4).
C:\Users\Liviu\Documents\p\uni\sem2\oop\lab8-9\lab6-7\repo.cpp(26): warning C26823: Dereferencing a possibly null pointer 'allotemp.1' (lifetime.1).
C:\Users\Liviu\Documents\p\uni\sem2\oop\lab8-9\lab6-7\repo.cpp(30): warning C26446: Prefer to use gsl::at() instead of unchecked subscript operator (bounds.4).
C:\Users\Liviu\Documents\p\uni\sem2\oop\lab8-9\lab6-7\repo.cpp(30): warning C26458: Prefer to use gsl::at() instead of unchecked subscript operator (bounds.4).
C:\Users\Liviu\Documents\p\uni\sem2\oop\lab8-9\lab6-7\repo.cpp(41): warning C26823: Dereferencing a possibly null pointer 'allotemp.2' (lifetime.1).
C:\Users\Liviu\Documents\p\uni\sem2\oop\lab8-9\lab6-7\repo.cpp(41): warning C26823: Dereferencing a possibly null pointer 'allotemp.3' (lifetime.1).
C:\Users\Liviu\Documents\p\uni\sem2\oop\lab8-9\lab6-7\repo.cpp(41): warning C26823: Dereferencing a possibly null pointer 'allotemp.5' (lifetime.1).
C:\Users\Liviu\Documents\p\uni\sem2\oop\lab8-9\lab6-7\repo.cpp(17): warning C26440: Function 'Repo<int>::GetElement' can be declared 'noexcept' (f.6).
C:\Users\Liviu\Documents\p\uni\sem2\oop\lab8-9\lab6-7\repo.cpp(25): warning C26440: Function 'Repo<int>::RemoveElement' can be declared 'noexcept' (f.6).
C:\Users\Liviu\Documents\p\uni\sem2\oop\lab8-9\lab6-7\service.cpp(11): warning C26823: Dereferencing a possibly null pointer 'allotemp.4' (lifetime.1).
C:\Users\Liviu\Documents\p\uni\sem2\oop\lab8-9\lab6-7\service.cpp(11): warning C26823: Dereferencing a possibly null pointer 'allotemp.5' (lifetime.1).
C:\Users\Liviu\Documents\p\uni\sem2\oop\lab8-9\lab6-7\service.cpp(11): warning C26823: Dereferencing a possibly null pointer 'allotemp.6' (lifetime.1).
C:\Users\Liviu\Documents\p\uni\sem2\oop\lab8-9\lab6-7\service.cpp(35): warning C26823: Dereferencing a possibly null pointer 'allotemp.2' (lifetime.1).
C:\Users\Liviu\Documents\p\uni\sem2\oop\lab8-9\lab6-7\service.cpp(39): warning C26823: Dereferencing a possibly null pointer 'allotemp.2' (lifetime.1).
C:\Users\Liviu\Documents\p\uni\sem2\oop\lab8-9\lab6-7\service.cpp(44): warning C26823: Dereferencing a possibly null pointer 'allotemp.2' (lifetime.1).
C:\Users\Liviu\Documents\p\uni\sem2\oop\lab8-9\lab6-7\service.cpp(44): warning C26823: Dereferencing a possibly null pointer 'allotemp.3' (lifetime.1).
C:\Users\Liviu\Documents\p\uni\sem2\oop\lab8-9\lab6-7\service.cpp(59): warning C26823: Dereferencing a possibly null pointer 'x' (lifetime.1).
C:\Users\Liviu\Documents\p\uni\sem2\oop\lab8-9\lab6-7\service.cpp(63): warning C26493: Don't use C-style casts (type.4).
C:\Users\Liviu\Documents\p\uni\sem2\oop\lab8-9\lab6-7\service.cpp(66): warning C26823: Dereferencing a possibly null pointer 'allotemp.4' (lifetime.1).
C:\Users\Liviu\Documents\p\uni\sem2\oop\lab8-9\lab6-7\service.cpp(66): warning C26823: Dereferencing a possibly null pointer 'allotemp.5' (lifetime.1).
C:\Users\Liviu\Documents\p\uni\sem2\oop\lab8-9\lab6-7\service.cpp(67): warning C26823: Dereferencing a possibly null pointer 'allotemp.6' (lifetime.1).
C:\Users\Liviu\Documents\p\uni\sem2\oop\lab8-9\lab6-7\service.cpp(67): warning C26823: Dereferencing a possibly null pointer 'allotemp.7' (lifetime.1).
C:\Users\Liviu\Documents\p\uni\sem2\oop\lab8-9\lab6-7\service.cpp(75): warning C26823: Dereferencing a possibly null pointer 'x' (lifetime.1).
C:\Users\Liviu\Documents\p\uni\sem2\oop\lab8-9\lab6-7\tests.cpp(28): warning C26823: Dereferencing a possibly null pointer 'allotemp.13' (lifetime.1).
C:\Users\Liviu\Documents\p\uni\sem2\oop\lab8-9\lab6-7\repo.h(53): warning C26823: Dereferencing a possibly null pointer 'allotemp.5' (lifetime.1).
C:\Users\Liviu\Documents\p\uni\sem2\oop\lab8-9\lab6-7\tests.cpp(74): warning C26446: Prefer to use gsl::at() instead of unchecked subscript operator (bounds.4).
C:\Users\Liviu\Documents\p\uni\sem2\oop\lab8-9\lab6-7\tests.cpp(75): warning C26446: Prefer to use gsl::at() instead of unchecked subscript operator (bounds.4).
C:\Users\Liviu\Documents\p\uni\sem2\oop\lab8-9\lab6-7\tests.cpp(76): warning C26446: Prefer to use gsl::at() instead of unchecked subscript operator (bounds.4).
C:\Users\Liviu\Documents\p\uni\sem2\oop\lab8-9\lab6-7\tests.cpp(74): warning C26458: Prefer to use gsl::at() instead of unchecked subscript operator (bounds.4).
C:\Users\Liviu\Documents\p\uni\sem2\oop\lab8-9\lab6-7\tests.cpp(75): warning C26458: Prefer to use gsl::at() instead of unchecked subscript operator (bounds.4).
C:\Users\Liviu\Documents\p\uni\sem2\oop\lab8-9\lab6-7\tests.cpp(76): warning C26458: Prefer to use gsl::at() instead of unchecked subscript operator (bounds.4).
