  console.cpp
  service.cpp
  Running Code Analysis for C/C++...
  Generating Code...
  lab8-9.vcxproj -> C:\Users\Liviu\Documents\p\uni\sem2\oop\lab8-9\x64\Debug\lab8-9.exe
C:\Users\Liviu\Documents\p\uni\sem2\oop\lab8-9\lab8-9\activity.h(14): warning C26432: If you define or delete any default operation in the type 'class Activity', define or delete them all (c.21).
C:\Users\Liviu\Documents\p\uni\sem2\oop\lab8-9\lab8-9\activity.cpp(23): warning C26494: Variable 'length' is uninitialized. Always initialize an object (type.5).
C:\Users\Liviu\Documents\p\uni\sem2\oop\lab8-9\lab8-9\undo.h(9): warning C26440: Function 'UndoAction::UndoAction' can be declared 'noexcept' (f.6).
C:\Users\Liviu\Documents\p\uni\sem2\oop\lab8-9\lab8-9\console.cpp(126): warning C26486: Don't pass a pointer that may be invalid to a function. Parameter 0 '@(temporary 1)' in call to 'std::vector<DTO,std::allocator<DTO> >::_Unchecked_begin' may be invalid (lifetime.3).
C:\Users\Liviu\Documents\p\uni\sem2\oop\lab8-9\lab8-9\console.cpp(143): warning C26432: If you define or delete any default operation in the type 'class Console', define or delete them all (c.21).
C:\Users\Liviu\Documents\p\uni\sem2\oop\lab8-9\lab8-9\file_repo.h(11): warning C26432: If you define or delete any default operation in the type 'class FileRepo<class Activity>', define or delete them all (c.21).
C:\Users\Liviu\Documents\p\uni\sem2\oop\lab8-9\lab8-9\repo.h(12): warning C26440: Function 'Repo<UndoAction * __ptr64>::Save' can be declared 'noexcept' (f.6).
C:\Users\Liviu\Documents\p\uni\sem2\oop\lab8-9\lab8-9\file_repo.h(8): warning C26434: Function 'FileRepo<Activity>::Load' hides a non-virtual function 'Repo<Activity>::Load'.
C:\Users\Liviu\Documents\p\uni\sem2\oop\lab8-9\lab8-9\console.cpp(9): warning C26823: Dereferencing a possibly null pointer 'x' (lifetime.1).
C:\Users\Liviu\Documents\p\uni\sem2\oop\lab8-9\lab8-9\lab_repo.cpp(85): warning C26496: The variable 'nr' does not change after construction, mark it as const (con.4).
C:\Users\Liviu\Documents\p\uni\sem2\oop\lab8-9\lab8-9\lab_repo.cpp(84): warning C26493: Don't use C-style casts (type.4).
C:\Users\Liviu\Documents\p\uni\sem2\oop\lab8-9\lab8-9\lab_repo.cpp(90): warning C26432: If you define or delete any default operation in the type 'class LabRepo<class Activity>', define or delete them all (c.21).
C:\Users\Liviu\Documents\p\uni\sem2\oop\lab8-9\lab8-9\lab_repo.cpp(11): warning C26433: Function 'LabRepo<Activity>::Length' should be marked with 'override' (c.128).
C:\Users\Liviu\Documents\p\uni\sem2\oop\lab8-9\lab8-9\lab_repo.cpp(12): warning C26493: Don't use C-style casts (type.4).
C:\Users\Liviu\Documents\p\uni\sem2\oop\lab8-9\lab8-9\lab_repo.cpp(15): warning C26433: Function 'LabRepo<Activity>::Validate' should be marked with 'override' (c.128).
C:\Users\Liviu\Documents\p\uni\sem2\oop\lab8-9\lab8-9\lab_repo.cpp(20): warning C26433: Function 'LabRepo<Activity>::GetElement' should be marked with 'override' (c.128).
C:\Users\Liviu\Documents\p\uni\sem2\oop\lab8-9\lab8-9\lab_repo.cpp(24): warning C26823: Dereferencing a possibly null pointer 'result.->' (lifetime.1).
C:\Users\Liviu\Documents\p\uni\sem2\oop\lab8-9\lab8-9\lab_repo.cpp(24): warning C26823: There are other instances of this issue:
C:\Users\Liviu\Documents\p\uni\sem2\oop\lab8-9\lab8-9\lab_repo.cpp(24): warning C26823: Dereferencing a possibly null pointer 'result.->' (lifetime.1). at line 27
C:\Users\Liviu\Documents\p\uni\sem2\oop\lab8-9\lab8-9\lab_repo.cpp(24): warning C26823: 
C:\Users\Liviu\Documents\p\uni\sem2\oop\lab8-9\lab8-9\lab_repo.cpp(31): warning C26433: Function 'LabRepo<Activity>::AddElement' should be marked with 'override' (c.128).
C:\Users\Liviu\Documents\p\uni\sem2\oop\lab8-9\lab8-9\lab_repo.cpp(40): warning C26433: Function 'LabRepo<Activity>::RemoveElement' should be marked with 'override' (c.128).
C:\Users\Liviu\Documents\p\uni\sem2\oop\lab8-9\lab8-9\lab_repo.cpp(51): warning C26823: Dereferencing a possibly null pointer '$S22' (lifetime.1).
C:\Users\Liviu\Documents\p\uni\sem2\oop\lab8-9\lab8-9\lab_repo.cpp(59): warning C26433: Function 'LabRepo<Activity>::ModifyEement' should be marked with 'override' (c.128).
C:\Users\Liviu\Documents\p\uni\sem2\oop\lab8-9\lab8-9\lab_repo.cpp(66): warning C26433: Function 'LabRepo<Activity>::GetAllElements' should be marked with 'override' (c.128).
C:\Users\Liviu\Documents\p\uni\sem2\oop\lab8-9\lab8-9\lab_repo.cpp(74): warning C26433: Function 'LabRepo<Activity>::GetElements' should be marked with 'override' (c.128).
C:\Users\Liviu\Documents\p\uni\sem2\oop\lab8-9\lab8-9\lab_repo.cpp(24): warning C26823: Dereferencing a possibly null pointer 'result.->' (lifetime.1).
C:\Users\Liviu\Documents\p\uni\sem2\oop\lab8-9\lab8-9\lab_repo.cpp(24): warning C26823: There are other instances of this issue:
C:\Users\Liviu\Documents\p\uni\sem2\oop\lab8-9\lab8-9\lab_repo.cpp(24): warning C26823: Dereferencing a possibly null pointer 'result.->' (lifetime.1). at line 27
C:\Users\Liviu\Documents\p\uni\sem2\oop\lab8-9\lab8-9\lab_repo.cpp(24): warning C26823: 
C:\Users\Liviu\Documents\p\uni\sem2\oop\lab8-9\lab8-9\activity.h(12): warning C26495: Variable 'Activity::length' is uninitialized. Always initialize a member variable (type.6).
C:\Users\Liviu\Documents\p\uni\sem2\oop\lab8-9\lab8-9\repo.cpp(81): warning C26486: Don't pass a pointer that may be invalid to a function. Parameter 0 '@(temporary 1)' in call to 'std::vector<UndoAction * __ptr64,std::allocator<UndoAction * __ptr64> >::_Unchecked_begin' may be invalid (lifetime.3).
C:\Users\Liviu\Documents\p\uni\sem2\oop\lab8-9\lab8-9\repo.cpp(80): warning C26432: If you define or delete any default operation in the type 'class Repo<class UndoAction *>', define or delete them all (c.21).
C:\Users\Liviu\Documents\p\uni\sem2\oop\lab8-9\lab8-9\repo.cpp(82): warning C26823: Dereferencing a possibly null pointer 'x' (lifetime.1).
C:\Users\Liviu\Documents\p\uni\sem2\oop\lab8-9\lab8-9\repo.cpp(65): warning C26823: Dereferencing a possibly null pointer 'x' (lifetime.1).
C:\Users\Liviu\Documents\p\uni\sem2\oop\lab8-9\lab8-9\repo.cpp(86): warning C26432: If you define or delete any default operation in the type 'class Repo<class Activity>', define or delete them all (c.21).
C:\Users\Liviu\Documents\p\uni\sem2\oop\lab8-9\lab8-9\repo.cpp(11): warning C26433: Function 'Repo<Activity>::Length' should be marked with 'override' (c.128).
C:\Users\Liviu\Documents\p\uni\sem2\oop\lab8-9\lab8-9\repo.cpp(12): warning C26493: Don't use C-style casts (type.4).
C:\Users\Liviu\Documents\p\uni\sem2\oop\lab8-9\lab8-9\repo.cpp(15): warning C26433: Function 'Repo<Activity>::Validate' should be marked with 'override' (c.128).
C:\Users\Liviu\Documents\p\uni\sem2\oop\lab8-9\lab8-9\repo.cpp(20): warning C26433: Function 'Repo<Activity>::GetElement' should be marked with 'override' (c.128).
C:\Users\Liviu\Documents\p\uni\sem2\oop\lab8-9\lab8-9\repo.cpp(23): warning C26446: Prefer to use gsl::at() instead of unchecked subscript operator (bounds.4).
C:\Users\Liviu\Documents\p\uni\sem2\oop\lab8-9\lab8-9\repo.cpp(23): warning C26458: Prefer to use gsl::at() instead of unchecked subscript operator (bounds.4).
C:\Users\Liviu\Documents\p\uni\sem2\oop\lab8-9\lab8-9\repo.cpp(26): warning C26433: Function 'Repo<Activity>::AddElement' should be marked with 'override' (c.128).
C:\Users\Liviu\Documents\p\uni\sem2\oop\lab8-9\lab8-9\repo.cpp(30): warning C26823: Dereferencing a possibly null pointer 'allotemp.1' (lifetime.1).
C:\Users\Liviu\Documents\p\uni\sem2\oop\lab8-9\lab8-9\repo.cpp(34): warning C26433: Function 'Repo<Activity>::RemoveElement' should be marked with 'override' (c.128).
C:\Users\Liviu\Documents\p\uni\sem2\oop\lab8-9\lab8-9\repo.cpp(38): warning C26823: Dereferencing a possibly null pointer 'allotemp.1' (lifetime.1).
C:\Users\Liviu\Documents\p\uni\sem2\oop\lab8-9\lab8-9\repo.cpp(42): warning C26433: Function 'Repo<Activity>::ModifyEement' should be marked with 'override' (c.128).
C:\Users\Liviu\Documents\p\uni\sem2\oop\lab8-9\lab8-9\repo.cpp(43): warning C26446: Prefer to use gsl::at() instead of unchecked subscript operator (bounds.4).
C:\Users\Liviu\Documents\p\uni\sem2\oop\lab8-9\lab8-9\repo.cpp(43): warning C26458: Prefer to use gsl::at() instead of unchecked subscript operator (bounds.4).
C:\Users\Liviu\Documents\p\uni\sem2\oop\lab8-9\lab8-9\repo.cpp(48): warning C26433: Function 'Repo<Activity>::GetAllElements' should be marked with 'override' (c.128).
C:\Users\Liviu\Documents\p\uni\sem2\oop\lab8-9\lab8-9\repo.cpp(53): warning C26433: Function 'Repo<Activity>::GetElements' should be marked with 'override' (c.128).
C:\Users\Liviu\Documents\p\uni\sem2\oop\lab8-9\lab8-9\repo.cpp(55): warning C26823: Dereferencing a possibly null pointer 'allotemp.2' (lifetime.1).
C:\Users\Liviu\Documents\p\uni\sem2\oop\lab8-9\lab8-9\repo.cpp(55): warning C26823: Dereferencing a possibly null pointer 'allotemp.3' (lifetime.1).
C:\Users\Liviu\Documents\p\uni\sem2\oop\lab8-9\lab8-9\repo.cpp(55): warning C26823: Dereferencing a possibly null pointer 'allotemp.5' (lifetime.1).
C:\Users\Liviu\Documents\p\uni\sem2\oop\lab8-9\lab8-9\repo.cpp(20): warning C26440: Function 'Repo<UndoAction * __ptr64>::GetElement' can be declared 'noexcept' (f.6).
C:\Users\Liviu\Documents\p\uni\sem2\oop\lab8-9\lab8-9\service.cpp(4): warning C26440: Function 'Service::Service' can be declared 'noexcept' (f.6).
C:\Users\Liviu\Documents\p\uni\sem2\oop\lab8-9\lab8-9\service.cpp(14): warning C26409: Avoid calling new and delete explicitly, use std::make_unique<T> instead (r.11).
C:\Users\Liviu\Documents\p\uni\sem2\oop\lab8-9\lab8-9\service.cpp(11): warning C26823: Dereferencing a possibly null pointer 'allotemp.5' (lifetime.1).
C:\Users\Liviu\Documents\p\uni\sem2\oop\lab8-9\lab8-9\service.cpp(11): warning C26823: Dereferencing a possibly null pointer 'allotemp.6' (lifetime.1).
C:\Users\Liviu\Documents\p\uni\sem2\oop\lab8-9\lab8-9\service.cpp(11): warning C26823: Dereferencing a possibly null pointer 'allotemp.7' (lifetime.1).
C:\Users\Liviu\Documents\p\uni\sem2\oop\lab8-9\lab8-9\service.cpp(20): warning C26409: Avoid calling new and delete explicitly, use std::make_unique<T> instead (r.11).
C:\Users\Liviu\Documents\p\uni\sem2\oop\lab8-9\lab8-9\service.cpp(29): warning C26409: Avoid calling new and delete explicitly, use std::make_unique<T> instead (r.11).
C:\Users\Liviu\Documents\p\uni\sem2\oop\lab8-9\lab8-9\service.cpp(38): warning C26823: Dereferencing a possibly null pointer 'allotemp.2' (lifetime.1).
C:\Users\Liviu\Documents\p\uni\sem2\oop\lab8-9\lab8-9\service.cpp(42): warning C26823: Dereferencing a possibly null pointer 'allotemp.2' (lifetime.1).
C:\Users\Liviu\Documents\p\uni\sem2\oop\lab8-9\lab8-9\service.cpp(47): warning C26823: Dereferencing a possibly null pointer 'allotemp.2' (lifetime.1).
C:\Users\Liviu\Documents\p\uni\sem2\oop\lab8-9\lab8-9\service.cpp(47): warning C26823: Dereferencing a possibly null pointer 'allotemp.3' (lifetime.1).
C:\Users\Liviu\Documents\p\uni\sem2\oop\lab8-9\lab8-9\service.cpp(62): warning C26823: Dereferencing a possibly null pointer 'x' (lifetime.1).
C:\Users\Liviu\Documents\p\uni\sem2\oop\lab8-9\lab8-9\service.cpp(66): warning C26493: Don't use C-style casts (type.4).
C:\Users\Liviu\Documents\p\uni\sem2\oop\lab8-9\lab8-9\service.cpp(69): warning C26823: Dereferencing a possibly null pointer 'allotemp.4' (lifetime.1).
C:\Users\Liviu\Documents\p\uni\sem2\oop\lab8-9\lab8-9\service.cpp(69): warning C26823: Dereferencing a possibly null pointer 'allotemp.5' (lifetime.1).
C:\Users\Liviu\Documents\p\uni\sem2\oop\lab8-9\lab8-9\service.cpp(70): warning C26823: Dereferencing a possibly null pointer 'allotemp.6' (lifetime.1).
C:\Users\Liviu\Documents\p\uni\sem2\oop\lab8-9\lab8-9\service.cpp(70): warning C26823: Dereferencing a possibly null pointer 'allotemp.7' (lifetime.1).
C:\Users\Liviu\Documents\p\uni\sem2\oop\lab8-9\lab8-9\service.cpp(92): warning C26488: Do not dereference a potentially null pointer: '<range>$L1'. '(range-for target)' was null at line 84 (lifetime.1).
C:\Users\Liviu\Documents\p\uni\sem2\oop\lab8-9\lab8-9\service.cpp(86): warning C26823: Dereferencing a possibly null pointer 'x' (lifetime.1).
C:\Users\Liviu\Documents\p\uni\sem2\oop\lab8-9\lab8-9\service.cpp(100): warning C26429: Symbol 'a' is never tested for nullness, it can be marked as not_null (f.23).
C:\Users\Liviu\Documents\p\uni\sem2\oop\lab8-9\lab8-9\service.cpp(101): warning C26823: Dereferencing a possibly null pointer 'a' (lifetime.1).
C:\Users\Liviu\Documents\p\uni\sem2\oop\lab8-9\lab8-9\service.cpp(103): warning C26823: Dereferencing a possibly null pointer 'allotemp.3' (lifetime.1).
C:\Users\Liviu\Documents\p\uni\sem2\oop\lab8-9\lab8-9\tests.cpp(28): warning C26823: Dereferencing a possibly null pointer 'allotemp.13' (lifetime.1).
C:\Users\Liviu\Documents\p\uni\sem2\oop\lab8-9\lab8-9\repo.h(58): warning C26823: Dereferencing a possibly null pointer 'allotemp.5' (lifetime.1).
C:\Users\Liviu\Documents\p\uni\sem2\oop\lab8-9\lab8-9\tests.cpp(75): warning C26446: Prefer to use gsl::at() instead of unchecked subscript operator (bounds.4).
C:\Users\Liviu\Documents\p\uni\sem2\oop\lab8-9\lab8-9\tests.cpp(77): warning C26446: Prefer to use gsl::at() instead of unchecked subscript operator (bounds.4).
C:\Users\Liviu\Documents\p\uni\sem2\oop\lab8-9\lab8-9\tests.cpp(75): warning C26458: Prefer to use gsl::at() instead of unchecked subscript operator (bounds.4).
C:\Users\Liviu\Documents\p\uni\sem2\oop\lab8-9\lab8-9\tests.cpp(77): warning C26458: Prefer to use gsl::at() instead of unchecked subscript operator (bounds.4).
C:\Users\Liviu\Documents\p\uni\sem2\oop\lab8-9\lab8-9\tests.cpp(144): warning C26486: Don't pass a pointer that may be invalid to a function. Parameter 0 '@ans' in call to 'DTO::operator=' may be invalid (lifetime.3).
C:\Users\Liviu\Documents\p\uni\sem2\oop\lab8-9\lab8-9\tests.cpp(136): warning C26446: Prefer to use gsl::at() instead of unchecked subscript operator (bounds.4).
C:\Users\Liviu\Documents\p\uni\sem2\oop\lab8-9\lab8-9\tests.cpp(137): warning C26446: Prefer to use gsl::at() instead of unchecked subscript operator (bounds.4).
C:\Users\Liviu\Documents\p\uni\sem2\oop\lab8-9\lab8-9\tests.cpp(138): warning C26446: Prefer to use gsl::at() instead of unchecked subscript operator (bounds.4).
C:\Users\Liviu\Documents\p\uni\sem2\oop\lab8-9\lab8-9\tests.cpp(144): warning C26446: Prefer to use gsl::at() instead of unchecked subscript operator (bounds.4).
C:\Users\Liviu\Documents\p\uni\sem2\oop\lab8-9\lab8-9\tests.cpp(145): warning C26446: Prefer to use gsl::at() instead of unchecked subscript operator (bounds.4).
C:\Users\Liviu\Documents\p\uni\sem2\oop\lab8-9\lab8-9\tests.cpp(146): warning C26446: Prefer to use gsl::at() instead of unchecked subscript operator (bounds.4).
C:\Users\Liviu\Documents\p\uni\sem2\oop\lab8-9\lab8-9\tests.cpp(136): warning C26458: Prefer to use gsl::at() instead of unchecked subscript operator (bounds.4).
C:\Users\Liviu\Documents\p\uni\sem2\oop\lab8-9\lab8-9\tests.cpp(137): warning C26458: Prefer to use gsl::at() instead of unchecked subscript operator (bounds.4).
C:\Users\Liviu\Documents\p\uni\sem2\oop\lab8-9\lab8-9\tests.cpp(138): warning C26458: Prefer to use gsl::at() instead of unchecked subscript operator (bounds.4).
C:\Users\Liviu\Documents\p\uni\sem2\oop\lab8-9\lab8-9\tests.cpp(144): warning C26458: Prefer to use gsl::at() instead of unchecked subscript operator (bounds.4).
C:\Users\Liviu\Documents\p\uni\sem2\oop\lab8-9\lab8-9\tests.cpp(145): warning C26458: Prefer to use gsl::at() instead of unchecked subscript operator (bounds.4).
C:\Users\Liviu\Documents\p\uni\sem2\oop\lab8-9\lab8-9\tests.cpp(146): warning C26458: Prefer to use gsl::at() instead of unchecked subscript operator (bounds.4).
