[2023-05-19 12:24:45] [info] Start Program:
Path:"C:\Users\Liviu\Documents\p\uni\sem2\oop\lab10-11\x64\Debug\lab10-11.exe"
Arguments:
Working directory: "C:\Users\Liviu\Documents\p\uni\sem2\oop\lab10-11\lab10-11\"
Modules: Selected: C:\Users\Liviu\Documents\p\uni\sem2\oop\lab10-11\x64\Debug\lab10-11.exe Excluded: 
Sources: Selected: C:\Users\Liviu\Documents\p\uni\sem2\oop\lab10-11\lab10-11 Excluded: 
Log Level: Normal
Cover Children: 0
Aggregate by file: 1
Continue after C++ exception: 0
Optimized build support: 0
Export: Binary C:\Users\Liviu\AppData\Local\Temp\1vkdrnac.u15 
Input coverage: 
Unified diff: 
Excluded line regular expressions: 
Substitute pdb source paths: 

[2023-05-19 12:24:45] [info] Module: C:\Users\Liviu\Documents\p\uni\sem2\oop\lab10-11\x64\Debug\lab10-11.exe is selected because it matches selected pattern: C:\Users\Liviu\Documents\p\uni\sem2\oop\lab10-11\x64\Debug\lab10-11.exe
[2023-05-19 12:24:50] [info] ----------------------------------------------------
[2023-05-19 12:24:50] [info] Coverage binary generated in file: C:\Users\Liviu\AppData\Local\Temp\1vkdrnac.u15
[2023-05-19 12:24:50] [info] ----------------------------------------------------
